Using pre-set license
Built from '2020.3/china_unity/release' branch; Version is '2020.3.5f1c1 (548653c6c3de) revision 5539411'; Using compiler version '192528614'; Build Type 'Release'
OS: 'Windows 10 Pro; OS build 19042.928; Version 2009; 64bit' Language: 'zh' Physical Memory: 16315 MB
BatchMode: 1, IsHumanControllingUs: 0, StartBugReporterOnCrash: 0, Is64bit: 1, IsPro: 0

 COMMAND LINE ARGUMENTS:
D:\UnityInstall\2020.3.5f1c1\Editor\Unity.exe
-adb2
-batchMode
-noUpm
-name
AssetImportWorker0
-projectPath
E:/Unity/GZArts_Edu
-logFile
Logs/AssetImportWorker0.log
-srvPort
13021
Successfully changed project path to: E:/Unity/GZArts_Edu
E:/Unity/GZArts_Edu
Using Asset Import Pipeline V2.
Refreshing native plugins compatible for Editor in 24.67 ms, found 0 plugins.
Preloading 0 native plugins for Editor in 0.00 ms.
Initialize engine version: 2020.3.5f1c1 (548653c6c3de)
[Subsystems] Discovering subsystems at path D:/UnityInstall/2020.3.5f1c1/Editor/Data/Resources/UnitySubsystems
[Subsystems] Discovering subsystems at path E:/Unity/GZArts_Edu/Assets
GfxDevice: creating device client; threaded=0
Direct3D:
    Version:  Direct3D 11.0 [level 11.1]
    Renderer: NVIDIA GeForce RTX 2080 (ID=0x1e87)
    Vendor:   
    VRAM:     8010 MB
    Driver:   27.21.14.6172
Initialize mono
Mono path[0] = 'D:/UnityInstall/2020.3.5f1c1/Editor/Data/Managed'
Mono path[1] = 'D:/UnityInstall/2020.3.5f1c1/Editor/Data/MonoBleedingEdge/lib/mono/unityjit'
Mono config path = 'D:/UnityInstall/2020.3.5f1c1/Editor/Data/MonoBleedingEdge/etc'
Using monoOptions --debugger-agent=transport=dt_socket,embedding=1,server=y,suspend=n,address=127.0.0.1:56196
Begin MonoManager ReloadAssembly
Registering precompiled unity dll's ...
Register platform support module: D:/UnityInstall/2020.3.5f1c1/Editor/Data/PlaybackEngines/WindowsStandaloneSupport/UnityEditor.WindowsStandalone.Extensions.dll
Registered in 0.000860 seconds.
Native extension for WindowsStandalone target not found
Refreshing native plugins compatible for Editor in 17.91 ms, found 0 plugins.
Preloading 0 native plugins for Editor in 0.00 ms.
Mono: successfully reloaded assembly
- Completed reload, in  0.632 seconds
Platform modules already initialized, skipping
Registering precompiled user dll's ...
Registered in 0.000413 seconds.
Begin MonoManager ReloadAssembly
Native extension for WindowsStandalone target not found
Refreshing native plugins compatible for Editor in 0.15 ms, found 0 plugins.
Preloading 0 native plugins for Editor in 0.00 ms.
Mono: successfully reloaded assembly
- Completed reload, in  0.659 seconds
Platform modules already initialized, skipping
========================================================================
Worker process is ready to serve import requests
Launched and connected shader compiler UnityShaderCompiler.exe after 0.03 seconds
Refreshing native plugins compatible for Editor in 0.15 ms, found 0 plugins.
Preloading 0 native plugins for Editor in 0.00 ms.
Unloading 1115 Unused Serialized files (Serialized files now loaded: 0)
System memory in use before: 57.0 MB.
System memory in use after: 57.1 MB.

Unloading 9 unused Assets to reduce memory usage. Loaded Objects now: 1558.
Total: 1.303200 ms (FindLiveObjects: 0.089200 ms CreateObjectMapping: 0.025500 ms MarkObjects: 1.148900 ms  DeleteObjects: 0.038500 ms)

========================================================================
Received Import Request.
  path: Assets
  artifactKey: Guid(00000000000000001000000000000000) Importer(815301076,1909f56bfc062723c751e8b465ee728b)
Start importing Assets using Guid(00000000000000001000000000000000) Importer(815301076,1909f56bfc062723c751e8b465ee728b)  -> (artifact id: '5df9f6b88cc5b98f072f127b239f8810') in 0.005146 seconds
  Import took 0.006485 seconds .

========================================================================
Received Import Request.
  Time since last request: 0.000267 seconds.
  path: Assets/Scenes
  artifactKey: Guid(998fd0539c3a9364684bbbd5d931e9b8) Importer(815301076,1909f56bfc062723c751e8b465ee728b)
Start importing Assets/Scenes using Guid(998fd0539c3a9364684bbbd5d931e9b8) Importer(815301076,1909f56bfc062723c751e8b465ee728b)  -> (artifact id: 'ae5bad03c290e2ae9d2b9c72570b1ebd') in 0.004670 seconds
  Import took 0.005958 seconds .

========================================================================
Received Import Request.
  Time since last request: 9.009980 seconds.
  path: Assets/Scripts
  artifactKey: Guid(58f8ddb6429c5494a850e301f2ffaffc) Importer(815301076,1909f56bfc062723c751e8b465ee728b)
Start importing Assets/Scripts using Guid(58f8ddb6429c5494a850e301f2ffaffc) Importer(815301076,1909f56bfc062723c751e8b465ee728b)  -> (artifact id: '3d720c9cd984bcd96552c570fdcd179f') in 0.004229 seconds
  Import took 0.005833 seconds .

========================================================================
Received Import Request.
  Time since last request: 9.064565 seconds.
  path: Assets/Scripts/Test.cs
  artifactKey: Guid(112bd5236707ad647a47f56bed63074a) Importer(815301076,1909f56bfc062723c751e8b465ee728b)
Start importing Assets/Scripts/Test.cs using Guid(112bd5236707ad647a47f56bed63074a) Importer(815301076,1909f56bfc062723c751e8b465ee728b)  -> (artifact id: 'aeeb6869400b050600f7e8523d5cd903') in 0.027472 seconds
  Import took 0.028896 seconds .

========================================================================
Received Prepare
Registering precompiled user dll's ...
Registered in 0.000417 seconds.
Begin MonoManager ReloadAssembly
Native extension for WindowsStandalone target not found
Refreshing native plugins compatible for Editor in 0.15 ms, found 0 plugins.
Preloading 0 native plugins for Editor in 0.00 ms.
Mono: successfully reloaded assembly
- Completed reload, in  0.615 seconds
Platform modules already initialized, skipping
Refreshing native plugins compatible for Editor in 0.15 ms, found 0 plugins.
Preloading 0 native plugins for Editor in 0.00 ms.
Unloading 1110 Unused Serialized files (Serialized files now loaded: 0)
System memory in use before: 56.8 MB.
System memory in use after: 56.9 MB.

Unloading 4 unused Assets to reduce memory usage. Loaded Objects now: 1562.
Total: 1.163800 ms (FindLiveObjects: 0.103800 ms CreateObjectMapping: 0.028700 ms MarkObjects: 1.020500 ms  DeleteObjects: 0.009900 ms)

========================================================================
Received Import Request.
  Time since last request: 10.471090 seconds.
  path: Assets/Scenes/TestScene.unity
  artifactKey: Guid(8ceacb5dbc552714c92081ad679b68e5) Importer(815301076,1909f56bfc062723c751e8b465ee728b)
Start importing Assets/Scenes/TestScene.unity using Guid(8ceacb5dbc552714c92081ad679b68e5) Importer(815301076,1909f56bfc062723c751e8b465ee728b)  -> (artifact id: '39e471831391806850733b982047df1d') in 0.012149 seconds
  Import took 0.013619 seconds .

========================================================================
Received Prepare
Registering precompiled user dll's ...
Registered in 0.000366 seconds.
Begin MonoManager ReloadAssembly
Native extension for WindowsStandalone target not found
Refreshing native plugins compatible for Editor in 0.16 ms, found 0 plugins.
Preloading 0 native plugins for Editor in 0.00 ms.
Mono: successfully reloaded assembly
- Completed reload, in  0.617 seconds
Platform modules already initialized, skipping
Refreshing native plugins compatible for Editor in 0.15 ms, found 0 plugins.
Preloading 0 native plugins for Editor in 0.00 ms.
Unloading 1110 Unused Serialized files (Serialized files now loaded: 0)
System memory in use before: 56.9 MB.
System memory in use after: 57.0 MB.

Unloading 4 unused Assets to reduce memory usage. Loaded Objects now: 1565.
Total: 1.235900 ms (FindLiveObjects: 0.087200 ms CreateObjectMapping: 0.026100 ms MarkObjects: 1.112600 ms  DeleteObjects: 0.009300 ms)

========================================================================
Received Prepare
Registering precompiled user dll's ...
Registered in 0.000414 seconds.
Begin MonoManager ReloadAssembly
Native extension for WindowsStandalone target not found
Refreshing native plugins compatible for Editor in 0.16 ms, found 0 plugins.
Preloading 0 native plugins for Editor in 0.00 ms.
Mono: successfully reloaded assembly
- Completed reload, in  0.630 seconds
Platform modules already initialized, skipping
Refreshing native plugins compatible for Editor in 0.15 ms, found 0 plugins.
Preloading 0 native plugins for Editor in 0.00 ms.
Unloading 1110 Unused Serialized files (Serialized files now loaded: 0)
System memory in use before: 56.9 MB.
System memory in use after: 57.0 MB.

Unloading 4 unused Assets to reduce memory usage. Loaded Objects now: 1568.
Total: 4.181900 ms (FindLiveObjects: 0.269300 ms CreateObjectMapping: 0.091000 ms MarkObjects: 3.794300 ms  DeleteObjects: 0.024900 ms)

========================================================================
Received Import Request.
  Time since last request: 80.460251 seconds.
  path: Assets/Scripts/Test.cs
  artifactKey: Guid(112bd5236707ad647a47f56bed63074a) Importer(815301076,1909f56bfc062723c751e8b465ee728b)
Start importing Assets/Scripts/Test.cs using Guid(112bd5236707ad647a47f56bed63074a) Importer(815301076,1909f56bfc062723c751e8b465ee728b)  -> (artifact id: 'c7121aa2976e9667b8728f3f9cc84a60') in 0.002600 seconds
  Import took 0.003980 seconds .

========================================================================
Received Prepare
Registering precompiled user dll's ...
Registered in 0.000386 seconds.
Begin MonoManager ReloadAssembly
Native extension for WindowsStandalone target not found
Refreshing native plugins compatible for Editor in 0.15 ms, found 0 plugins.
Preloading 0 native plugins for Editor in 0.00 ms.
Mono: successfully reloaded assembly
- Completed reload, in  0.611 seconds
Platform modules already initialized, skipping
Refreshing native plugins compatible for Editor in 0.15 ms, found 0 plugins.
Preloading 0 native plugins for Editor in 0.00 ms.
Unloading 1109 Unused Serialized files (Serialized files now loaded: 0)
System memory in use before: 56.9 MB.
System memory in use after: 57.0 MB.

Unloading 5 unused Assets to reduce memory usage. Loaded Objects now: 1570.
Total: 1.238500 ms (FindLiveObjects: 0.095800 ms CreateObjectMapping: 0.027400 ms MarkObjects: 1.104300 ms  DeleteObjects: 0.010200 ms)

========================================================================
Received Import Request.
  Time since last request: 17.908714 seconds.
  path: Assets/Scripts/Arduino
  artifactKey: Guid(8445cb66189a8944c9a566bf6f669c58) Importer(815301076,1909f56bfc062723c751e8b465ee728b)
Start importing Assets/Scripts/Arduino using Guid(8445cb66189a8944c9a566bf6f669c58) Importer(815301076,1909f56bfc062723c751e8b465ee728b)  -> (artifact id: '54cb007b18c1cb34d1a283a6f35136e4') in 0.005496 seconds
  Import took 0.006888 seconds .

AssetImportWorkerClient::OnTransportError - code=2 error=End of file
